#
# There is insufficient memory for the Java Runtime Environment to continue.
# Native memory allocation (mmap) failed to map 62914560 bytes. Error detail: G1 virtual space
# Possible reasons:
#   The system is out of physical RAM or swap space
#   This process is running with CompressedOops enabled, and the Java Heap may be blocking the growth of the native heap
# Possible solutions:
#   Reduce memory load on the system
#   Increase physical memory or swap space
#   Check if swap backing store is full
#   Decrease Java heap size (-Xmx/-Xms)
#   Decrease number of Java threads
#   Decrease Java thread stack sizes (-Xss)
#   Set larger code cache with -XX:ReservedCodeCacheSize=
#   JVM is running with Unscaled Compressed Oops mode in which the Java heap is
#     placed in the first 4GB address space. The Java Heap base address is the
#     maximum limit for the native heap growth. Please use -XX:HeapBaseMinAddress
#     to set the Java Heap base and to place the Java Heap above 4GB virtual address.
# This output file may be truncated or incomplete.
#
#  Out of Memory Error (os_windows.cpp:3613), pid=19596, tid=8876
#
# JRE version:  (17.0.11+9) (build )
# Java VM: OpenJDK 64-Bit Server VM (17.0.11+9-LTS, mixed mode, sharing, tiered, compressed oops, compressed class ptrs, g1 gc, windows-amd64)
# No core dump will be written. Minidumps are not enabled by default on client versions of Windows
#

---------------  S U M M A R Y ------------

Command Line: org.jetbrains.kotlin.cli.jvm.K2JVMCompiler @C:\sidd\React Native\ReactNativeSimpleForm\project1sampleform\node_modules\react-native-screens\android\build\20241011_12196042429882880643.compiler.options

Host: 12th Gen Intel(R) Core(TM) i5-1235U, 12 cores, 3G,  Windows 11 , 64 bit Build 22621 (10.0.22621.3958)
Time: Fri Oct 11 13:07:52 2024 India Standard Time elapsed time: 0.093138 seconds (0d 0h 0m 0s)

---------------  T H R E A D  ---------------

Current thread (0x000002bd7da8f010):  JavaThread "Unknown thread" [_thread_in_vm, id=8876, stack(0x000000d08a500000,0x000000d08a600000)]

Stack: [0x000000d08a500000,0x000000d08a600000]
Native frames: (J=compiled Java code, j=interpreted, Vv=VM code, C=native code)
V  [jvm.dll+0x67f6d9]
V  [jvm.dll+0x83773a]
V  [jvm.dll+0x8391fe]
V  [jvm.dll+0x839863]
V  [jvm.dll+0x247fbf]
V  [jvm.dll+0x67c519]
V  [jvm.dll+0x670f8a]
V  [jvm.dll+0x309bdb]
V  [jvm.dll+0x311086]
V  [jvm.dll+0x360a6e]
V  [jvm.dll+0x360c9f]
V  [jvm.dll+0x2e0928]
V  [jvm.dll+0x2e1894]
V  [jvm.dll+0x8090e1]
V  [jvm.dll+0x36e7c1]
V  [jvm.dll+0x7e7b06]
V  [jvm.dll+0x3f202f]
V  [jvm.dll+0x3f3b81]
C  [jli.dll+0x528f]
C  [ucrtbase.dll+0x29333]
C  [KERNEL32.DLL+0x1257d]
C  [ntdll.dll+0x5af08]


---------------  P R O C E S S  ---------------

Threads class SMR info:
_java_thread_list=0x00007ffc7c3a2f18, length=0, elements={
}

Java Threads: ( => current thread )

Other Threads:
  0x000002bd7dac9ae0 GCTaskThread "GC Thread#0" [stack: 0x000000d08a600000,0x000000d08a700000] [id=19908]
  0x000002bd7dad2790 ConcurrentGCThread "G1 Main Marker" [stack: 0x000000d08a700000,0x000000d08a800000] [id=14116]
  0x000002bd7dad31b0 ConcurrentGCThread "G1 Conc#0" [stack: 0x000000d08a800000,0x000000d08a900000] [id=18408]

[error occurred during error reporting (printing all threads), id 0xc0000005, EXCEPTION_ACCESS_VIOLATION (0xc0000005) at pc=0x00007ffc7bb61367]

VM state: not at safepoint (not fully initialized)

VM Mutex/Monitor currently owned by a thread:  ([mutex/lock_event])
[0x000002bd7da88810] Heap_lock - owner thread: 0x000002bd7da8f010

Heap address: 0x00000000c5200000, size: 942 MB, Compressed Oops mode: 32-bit

CDS archive(s) mapped at: [0x0000000000000000-0x0000000000000000-0x0000000000000000), size 0, SharedBaseAddress: 0x0000000800000000, ArchiveRelocationMode: 1.
Narrow klass base: 0x0000000000000000, Narrow klass shift: 0, Narrow klass range: 0x0

GC Precious Log:
<Empty>

Heap:
 garbage-first heap   total 0K, used 0K [0x00000000c5200000, 0x0000000100000000)
  region size 1024K, 0 young (0K), 0 survivors (0K)

[error occurred during error reporting (printing heap information), id 0xc0000005, EXCEPTION_ACCESS_VIOLATION (0xc0000005) at pc=0x00007ffc7bf49a59]

GC Heap History (0 events):
No events

Dll operation events (1 events):
Event: 0.062 Loaded shared library C:\Program Files\Microsoft\jdk-17.0.11.9-hotspot\bin\java.dll

Deoptimization events (0 events):
No events

Classes unloaded (0 events):
No events

Classes redefined (0 events):
No events

Internal exceptions (0 events):
No events

VM Operations (0 events):
No events

Events (0 events):
No events


Dynamic libraries:
0x00007ff681240000 - 0x00007ff68124e000 	C:\Program Files\Microsoft\jdk-17.0.11.9-hotspot\bin\java.exe
0x00007ffd0bb50000 - 0x00007ffd0bd67000 	C:\windows\SYSTEM32\ntdll.dll
0x00007ffd0aee0000 - 0x00007ffd0afa4000 	C:\windows\System32\KERNEL32.DLL
0x00007ffd09040000 - 0x00007ffd093f7000 	C:\windows\System32\KERNELBASE.dll
0x00007ffd09430000 - 0x00007ffd09541000 	C:\windows\System32\ucrtbase.dll
0x00007ffcebc10000 - 0x00007ffcebc27000 	C:\Program Files\Microsoft\jdk-17.0.11.9-hotspot\bin\jli.dll
0x00007ffcf82c0000 - 0x00007ffcf82db000 	C:\Program Files\Microsoft\jdk-17.0.11.9-hotspot\bin\VCRUNTIME140.dll
0x00007ffd0a690000 - 0x00007ffd0a83f000 	C:\windows\System32\USER32.dll
0x00007ffd09730000 - 0x00007ffd09756000 	C:\windows\System32\win32u.dll
0x00007ffd0afb0000 - 0x00007ffd0afd9000 	C:\windows\System32\GDI32.dll
0x00007ffd09610000 - 0x00007ffd09728000 	C:\windows\System32\gdi32full.dll
0x00007ffd09760000 - 0x00007ffd097fa000 	C:\windows\System32\msvcp_win.dll
0x00007ffcebdb0000 - 0x00007ffcec043000 	C:\windows\WinSxS\amd64_microsoft.windows.common-controls_6595b64144ccf1df_6.0.22621.3672_none_2713b9d173822955\COMCTL32.dll
0x00007ffd0ba00000 - 0x00007ffd0baa7000 	C:\windows\System32\msvcrt.dll
0x00007ffd09890000 - 0x00007ffd098c1000 	C:\windows\System32\IMM32.DLL
0x00007ffd01dd0000 - 0x00007ffd01ddc000 	C:\Program Files\Microsoft\jdk-17.0.11.9-hotspot\bin\vcruntime140_1.dll
0x00007ffccb3b0000 - 0x00007ffccb43d000 	C:\Program Files\Microsoft\jdk-17.0.11.9-hotspot\bin\msvcp140.dll
0x00007ffc7b870000 - 0x00007ffc7c4d6000 	C:\Program Files\Microsoft\jdk-17.0.11.9-hotspot\bin\server\jvm.dll
0x00007ffd0b8f0000 - 0x00007ffd0b9a2000 	C:\windows\System32\ADVAPI32.dll
0x00007ffd0b070000 - 0x00007ffd0b118000 	C:\windows\System32\sechost.dll
0x00007ffd09400000 - 0x00007ffd09428000 	C:\windows\System32\bcrypt.dll
0x00007ffd0a840000 - 0x00007ffd0a954000 	C:\windows\System32\RPCRT4.dll
0x00007ffcff060000 - 0x00007ffcff094000 	C:\windows\SYSTEM32\WINMM.dll
0x00007ffd08c80000 - 0x00007ffd08ccd000 	C:\windows\SYSTEM32\POWRPROF.dll
0x00007ffcfaaa0000 - 0x00007ffcfaaaa000 	C:\windows\SYSTEM32\VERSION.dll
0x00007ffcd8d60000 - 0x00007ffcd8d69000 	C:\windows\SYSTEM32\WSOCK32.dll
0x00007ffd0b520000 - 0x00007ffd0b591000 	C:\windows\System32\WS2_32.dll
0x00007ffd08b60000 - 0x00007ffd08b73000 	C:\windows\SYSTEM32\UMPDC.dll
0x00007ffd07e20000 - 0x00007ffd07e38000 	C:\windows\SYSTEM32\kernel.appcore.dll
0x00007ffcfb4e0000 - 0x00007ffcfb4ea000 	C:\Program Files\Microsoft\jdk-17.0.11.9-hotspot\bin\jimage.dll
0x00007ffd06740000 - 0x00007ffd06972000 	C:\windows\SYSTEM32\DBGHELP.DLL
0x00007ffd0a140000 - 0x00007ffd0a4ce000 	C:\windows\System32\combase.dll
0x00007ffd0b3b0000 - 0x00007ffd0b487000 	C:\windows\System32\OLEAUT32.dll
0x00007ffce2530000 - 0x00007ffce2562000 	C:\windows\SYSTEM32\dbgcore.DLL
0x00007ffd09800000 - 0x00007ffd0987b000 	C:\windows\System32\bcryptPrimitives.dll
0x00007ffceb9b0000 - 0x00007ffceb9d5000 	C:\Program Files\Microsoft\jdk-17.0.11.9-hotspot\bin\java.dll

dbghelp: loaded successfully - version: 4.0.5 - missing functions: none
symbol engine: initialized successfully - sym options: 0x614 - pdb path: .;C:\Program Files\Microsoft\jdk-17.0.11.9-hotspot\bin;C:\windows\SYSTEM32;C:\windows\WinSxS\amd64_microsoft.windows.common-controls_6595b64144ccf1df_6.0.22621.3672_none_2713b9d173822955;C:\Program Files\Microsoft\jdk-17.0.11.9-hotspot\bin\server

VM Arguments:
java_command: org.jetbrains.kotlin.cli.jvm.K2JVMCompiler @C:\sidd\React Native\ReactNativeSimpleForm\project1sampleform\node_modules\react-native-screens\android\build\20241011_12196042429882880643.compiler.options
java_class_path (initial): C:\Users\hp\.gradle\caches\modules-2\files-2.1\org.jetbrains.kotlin\kotlin-compiler-embeddable\1.9.22\9cd4dc7773cf2a99ecd961a88fbbc9a2da3fb5e1\kotlin-compiler-embeddable-1.9.22.jar;C:\Users\hp\.gradle\caches\modules-2\files-2.1\org.jetbrains.kotlin\kotlin-stdlib\1.9.22\d6c44cd08d8f3f9bece8101216dbe6553365c6e3\kotlin-stdlib-1.9.22.jar;C:\Users\hp\.gradle\caches\modules-2\files-2.1\org.jetbrains.kotlin\kotlin-script-runtime\1.9.22\f8139a46fc677ec9badc49ae954392f4f5e7e7c7\kotlin-script-runtime-1.9.22.jar;C:\Users\hp\.gradle\caches\modules-2\files-2.1\org.jetbrains.kotlin\kotlin-reflect\1.6.10\1cbe9c92c12a94eea200d23c2bbaedaf3daf5132\kotlin-reflect-1.6.10.jar;C:\Users\hp\.gradle\caches\modules-2\files-2.1\org.jetbrains.kotlin\kotlin-daemon-embeddable\1.9.22\20e2c5df715f3240c765cfc222530e2796542021\kotlin-daemon-embeddable-1.9.22.jar;C:\Users\hp\.gradle\caches\modules-2\files-2.1\org.jetbrains.intellij.deps\trove4j\1.0.20200330\3afb14d5f9ceb459d724e907a21145e8ff394f02\trove4j-1.0.20200330.jar;C:\Users\hp\.gradle\caches\modules-2\files-2.1\org.jetbrains\annotations\13.0\919f0dfe192fb4e063e7dacadee7f8bb9a2672a9\annotations-13.0.jar
Launcher Type: SUN_STANDARD

[Global flags]
     intx CICompilerCount                          = 4                                         {product} {ergonomic}
     uint ConcGCThreads                            = 3                                         {product} {ergonomic}
     uint G1ConcRefinementThreads                  = 10                                        {product} {ergonomic}
   size_t G1HeapRegionSize                         = 1048576                                   {product} {ergonomic}
    uintx GCDrainStackTargetSize                   = 64                                        {product} {ergonomic}
   size_t InitialHeapSize                          = 62914560                                  {product} {ergonomic}
   size_t MarkStackSize                            = 4194304                                   {product} {ergonomic}
   size_t MaxHeapSize                              = 987758592                                 {product} {ergonomic}
   size_t MinHeapDeltaBytes                        = 1048576                                   {product} {ergonomic}
   size_t MinHeapSize                              = 8388608                                   {product} {ergonomic}
    uintx NonNMethodCodeHeapSize                   = 5839372                                {pd product} {ergonomic}
    uintx NonProfiledCodeHeapSize                  = 122909434                              {pd product} {ergonomic}
    uintx ProfiledCodeHeapSize                     = 122909434                              {pd product} {ergonomic}
    uintx ReservedCodeCacheSize                    = 251658240                              {pd product} {ergonomic}
     bool SegmentedCodeCache                       = true                                      {product} {ergonomic}
   size_t SoftMaxHeapSize                          = 987758592                              {manageable} {ergonomic}
     bool UseCompressedClassPointers               = true                           {product lp64_product} {ergonomic}
     bool UseCompressedOops                        = true                           {product lp64_product} {ergonomic}
     bool UseG1GC                                  = true                                      {product} {ergonomic}
     bool UseLargePagesIndividualAllocation        = false                                  {pd product} {ergonomic}

Logging:
Log output configuration:
 #0: stdout all=warning uptime,level,tags
 #1: stderr all=off uptime,level,tags

Environment Variables:
JAVA_HOME=C:\Program Files\Microsoft\jdk-17.0.11.9-hotspot
CLASSPATH=C:\sidd\React Native\ReactNativeSimpleForm\project1sampleform\android\\gradle\wrapper\gradle-wrapper.jar
PATH=C:\Program Files\Microsoft\jdk-17.0.11.9-hotspot\bin;C:\Program Files\OpenLogic\jdk-17.0.11.9-hotspot\bin;C:\Program Files\OpenLogic\jdk-11.0.23.9-hotspot\bin;C:\Program Files\Common Files\Oracle\Java\javapath;C:\windows\system32;C:\windows;C:\windows\System32\Wbem;C:\windows\System32\WindowsPowerShell\v1.0\;C:\windows\System32\OpenSSH\;C:\MinGW\bin;C:\Program Files\Microsoft SQL Server\Client SDK\ODBC\110\Tools\Binn\;C:\Program Files (x86)\Microsoft SQL Server\120\Tools\Binn\;C:\Program Files\Microsoft SQL Server\120\Tools\Binn\;C:\Program Files\Microsoft SQL Server\120\DTS\Binn\;C:\Program Files (x86)\Windows Kits\8.1\Windows Performance Toolkit\;C:\Program Files\MySQL\MySQL Server 8.0\bin;C:\Program Files\GitHub CLI\;C:\sqllite3;C:\Program Files\nodejs\;C:\Users\hp\AppData\Local\Android\Sdk;C:\Users\hp\AppData\Local\Android\Sdk\platform-tools;C:\ProgramData\chocolatey\bin;C:\Program Files\Git\cmd;C:\Program Files\GTK3-Runtime Win64\bin;C:\Users\hp\AppData\Local\Programs\Python\Python312\Scripts\;C:\Users\hp\AppData\Local\Programs\Python\Python312\;C:\Program Files\MySQL\MySQL Shell 8.0\bin\;C:\Users\hp\AppData\Local\Microsoft\WindowsApps;C:\Users\hp\AppData\Local\Programs\Microsoft VS Code\bin;C:\Users\hp\AppData\Roaming\npm;C:\Users\hp\AppData\Local\Android\Sdk;C:\Users\hp\AppData\Local\Android\Sdk\platform-tools;C:\Users\hp\AppData\Local\Android\Sdk\emulator;C:\Users\hp\AppData\Local\Android\Sdk\cmdline-tools\latest\bin;C:\Users\hp\AppData\Local\Android\Sdk\cmdline-tools\latest;C:\Users\hp\AppData\Local\GitHubDesktop\bin
USERNAME=siddharth
LANG=en_US.UTF-8
OS=Windows_NT
PROCESSOR_IDENTIFIER=Intel64 Family 6 Model 154 Stepping 4, GenuineIntel
TMP=C:\Users\hp\AppData\Local\Temp
TEMP=C:\Users\hp\AppData\Local\Temp



Periodic native trim disabled


---------------  S Y S T E M  ---------------

OS:
 Windows 11 , 64 bit Build 22621 (10.0.22621.3958)
OS uptime: 3 days 23:42 hours
Hyper-V role detected

CPU: total 12 (initial active 12) (6 cores per cpu, 2 threads per core) family 6 model 154 stepping 4 microcode 0x42c, cx8, cmov, fxsr, ht, mmx, 3dnowpref, sse, sse2, sse3, ssse3, sse4.1, sse4.2, popcnt, lzcnt, tsc, tscinvbit, avx, avx2, aes, erms, clmul, bmi1, bmi2, adx, sha, fma, vzeroupper, clflush, clflushopt, clwb, hv
Processor Information for processor 0
  Max Mhz: 1300, Current Mhz: 1300, Mhz Limit: 1300
Processor Information for processor 1
  Max Mhz: 1300, Current Mhz: 1300, Mhz Limit: 1300
Processor Information for processor 2
  Max Mhz: 1300, Current Mhz: 1300, Mhz Limit: 1300
Processor Information for processor 3
  Max Mhz: 1300, Current Mhz: 1300, Mhz Limit: 1300
Processor Information for processor 4
  Max Mhz: 1300, Current Mhz: 900, Mhz Limit: 897
Processor Information for processor 5
  Max Mhz: 1300, Current Mhz: 900, Mhz Limit: 897
Processor Information for processor 6
  Max Mhz: 1300, Current Mhz: 900, Mhz Limit: 897
Processor Information for processor 7
  Max Mhz: 1300, Current Mhz: 900, Mhz Limit: 897
Processor Information for processor 8
  Max Mhz: 1300, Current Mhz: 900, Mhz Limit: 897
Processor Information for processor 9
  Max Mhz: 1300, Current Mhz: 900, Mhz Limit: 897
Processor Information for processor 10
  Max Mhz: 1300, Current Mhz: 900, Mhz Limit: 897
Processor Information for processor 11
  Max Mhz: 1300, Current Mhz: 900, Mhz Limit: 897

Memory: 4k page, system-wide physical 3767M (519M free)
TotalPageFile size 15543M (AvailPageFile size 40M)
current process WorkingSet (physical memory assigned to process): 10M, peak: 10M
current process commit charge ("private bytes"): 64M, peak: 124M

vm_info: OpenJDK 64-Bit Server VM (17.0.11+9-LTS) for windows-amd64 JRE (17.0.11+9-LTS), built on Apr  9 2024 22:05:54 by "MicrosoftCorporation" with MS VC++ 16.10 / 16.11 (VS2019)

END.
