#
# There is insufficient memory for the Java Runtime Environment to continue.
# Native memory allocation (malloc) failed to allocate 89936 bytes. Error detail: Chunk::new
# Possible reasons:
#   The system is out of physical RAM or swap space
#   This process is running with CompressedOops enabled, and the Java Heap may be blocking the growth of the native heap
# Possible solutions:
#   Reduce memory load on the system
#   Increase physical memory or swap space
#   Check if swap backing store is full
#   Decrease Java heap size (-Xmx/-Xms)
#   Decrease number of Java threads
#   Decrease Java thread stack sizes (-Xss)
#   Set larger code cache with -XX:ReservedCodeCacheSize=
#   JVM is running with Unscaled Compressed Oops mode in which the Java heap is
#     placed in the first 4GB address space. The Java Heap base address is the
#     maximum limit for the native heap growth. Please use -XX:HeapBaseMinAddress
#     to set the Java Heap base and to place the Java Heap above 4GB virtual address.
# This output file may be truncated or incomplete.
#
#  Out of Memory Error (arena.cpp:191), pid=23792, tid=12708
#
# JRE version: OpenJDK Runtime Environment Microsoft-9388408 (17.0.11+9) (build 17.0.11+9-LTS)
# Java VM: OpenJDK 64-Bit Server VM Microsoft-9388408 (17.0.11+9-LTS, mixed mode, sharing, tiered, compressed oops, compressed class ptrs, g1 gc, windows-amd64)
# No core dump will be written. Minidumps are not enabled by default on client versions of Windows
#

---------------  S U M M A R Y ------------

Command Line: -Xmx64m -Xms64m -Dorg.gradle.appname=gradlew org.gradle.wrapper.GradleWrapperMain app:installDebug -PreactNativeDevServerPort=8081

Host: 12th Gen Intel(R) Core(TM) i5-1235U, 12 cores, 3G,  Windows 11 , 64 bit Build 22621 (10.0.22621.3958)
Time: Fri Oct 11 14:18:29 2024 India Standard Time elapsed time: 2.409452 seconds (0d 0h 0m 2s)

---------------  T H R E A D  ---------------

Current thread (0x000001cb96be02a0):  JavaThread "C2 CompilerThread0" daemon [_thread_in_native, id=12708, stack(0x00000042c8a00000,0x00000042c8b00000)]


Current CompileTask:
C2:   2409  430   !   4       java.util.zip.ZipFile$Source::checkAndAddEntry (262 bytes)

Stack: [0x00000042c8a00000,0x00000042c8b00000]
Native frames: (J=compiled Java code, j=interpreted, Vv=VM code, C=native code)
V  [jvm.dll+0x67f6d9]
V  [jvm.dll+0x83773a]
V  [jvm.dll+0x8391fe]
V  [jvm.dll+0x839863]
V  [jvm.dll+0x247fbf]
V  [jvm.dll+0xac544]
V  [jvm.dll+0xacb8c]
V  [jvm.dll+0x2af9ff]
V  [jvm.dll+0x586b27]
V  [jvm.dll+0x222f82]
V  [jvm.dll+0x21c15b]
V  [jvm.dll+0x219901]
V  [jvm.dll+0x1a5396]
V  [jvm.dll+0x2297cd]
V  [jvm.dll+0x22799c]
V  [jvm.dll+0x7ec8b7]
V  [jvm.dll+0x7e6cba]
V  [jvm.dll+0x67e5c5]
C  [ucrtbase.dll+0x29333]
C  [KERNEL32.DLL+0x1257d]
C  [ntdll.dll+0x5af08]


---------------  P R O C E S S  ---------------

Threads class SMR info:
_java_thread_list=0x000001cbdc073a50, length=12, elements={
0x000001cbfa290c00, 0x000001cbfa33e740, 0x000001cb96bbf450, 0x000001cb96bd3260,
0x000001cb96bd6cb0, 0x000001cb96bd7580, 0x000001cb96bd7e50, 0x000001cb96be02a0,
0x000001cb96c00c70, 0x000001cb96c03d30, 0x000001cbdc099880, 0x000001cbdc0a0020
}

Java Threads: ( => current thread )
  0x000001cbfa290c00 JavaThread "main" [_thread_in_native, id=15240, stack(0x00000042c7d00000,0x00000042c7e00000)]
  0x000001cbfa33e740 JavaThread "Reference Handler" daemon [_thread_blocked, id=14356, stack(0x00000042c8400000,0x00000042c8500000)]
  0x000001cb96bbf450 JavaThread "Finalizer" daemon [_thread_blocked, id=16132, stack(0x00000042c8500000,0x00000042c8600000)]
  0x000001cb96bd3260 JavaThread "Signal Dispatcher" daemon [_thread_blocked, id=3544, stack(0x00000042c8600000,0x00000042c8700000)]
  0x000001cb96bd6cb0 JavaThread "Attach Listener" daemon [_thread_blocked, id=18776, stack(0x00000042c8700000,0x00000042c8800000)]
  0x000001cb96bd7580 JavaThread "Service Thread" daemon [_thread_blocked, id=14884, stack(0x00000042c8800000,0x00000042c8900000)]
  0x000001cb96bd7e50 JavaThread "Monitor Deflation Thread" daemon [_thread_blocked, id=8576, stack(0x00000042c8900000,0x00000042c8a00000)]
=>0x000001cb96be02a0 JavaThread "C2 CompilerThread0" daemon [_thread_in_native, id=12708, stack(0x00000042c8a00000,0x00000042c8b00000)]
  0x000001cb96c00c70 JavaThread "C1 CompilerThread0" daemon [_thread_blocked, id=13168, stack(0x00000042c8b00000,0x00000042c8c00000)]
  0x000001cb96c03d30 JavaThread "Sweeper thread" daemon [_thread_blocked, id=20688, stack(0x00000042c8c00000,0x00000042c8d00000)]
  0x000001cbdc099880 JavaThread "Notification Thread" daemon [_thread_blocked, id=15136, stack(0x00000042c8d00000,0x00000042c8e00000)]
  0x000001cbdc0a0020 JavaThread "Common-Cleaner" daemon [_thread_blocked, id=19008, stack(0x00000042c8f00000,0x00000042c9000000)]

Other Threads:
  0x000001cbfa33b590 VMThread "VM Thread" [stack: 0x00000042c8300000,0x00000042c8400000] [id=24536]
  0x000001cbdc09dd70 WatcherThread [stack: 0x00000042c8e00000,0x00000042c8f00000] [id=18708]
  0x000001cbfa2b3360 GCTaskThread "GC Thread#0" [stack: 0x00000042c7e00000,0x00000042c7f00000] [id=10472]
  0x000001cbfa2b6170 ConcurrentGCThread "G1 Main Marker" [stack: 0x00000042c7f00000,0x00000042c8000000] [id=11348]
  0x000001cbfa2b6aa0 ConcurrentGCThread "G1 Conc#0" [stack: 0x00000042c8000000,0x00000042c8100000] [id=25700]
  0x000001cbfa31df90 ConcurrentGCThread "G1 Refine#0" [stack: 0x00000042c8100000,0x00000042c8200000] [id=2488]
  0x000001cbfa31e8d0 ConcurrentGCThread "G1 Service" [stack: 0x00000042c8200000,0x00000042c8300000] [id=15316]

Threads with active compile tasks:
C2 CompilerThread0     2499  430   !   4       java.util.zip.ZipFile$Source::checkAndAddEntry (262 bytes)

VM state: not at safepoint (normal execution)

VM Mutex/Monitor currently owned by a thread: None

Heap address: 0x00000000fc000000, size: 64 MB, Compressed Oops mode: 32-bit

CDS archive(s) mapped at: [0x000001cb97000000-0x000001cb97bb0000-0x000001cb97bb0000), size 12255232, SharedBaseAddress: 0x000001cb97000000, ArchiveRelocationMode: 1.
Compressed class space mapped at: 0x000001cb98000000-0x000001cbd8000000, reserved size: 1073741824
Narrow klass base: 0x000001cb97000000, Narrow klass shift: 0, Narrow klass range: 0x100000000

GC Precious Log:
 CPUs: 12 total, 12 available
 Memory: 3767M
 Large Page Support: Disabled
 NUMA Support: Disabled
 Compressed Oops: Enabled (32-bit)
 Heap Region Size: 1M
 Heap Min Capacity: 64M
 Heap Initial Capacity: 64M
 Heap Max Capacity: 64M
 Pre-touch: Disabled
 Parallel Workers: 10
 Concurrent Workers: 3
 Concurrent Refinement Workers: 10
 Periodic GC: Disabled

Heap:
 garbage-first heap   total 65536K, used 9216K [0x00000000fc000000, 0x0000000100000000)
  region size 1024K, 10 young (10240K), 0 survivors (0K)
 Metaspace       used 1708K, committed 1856K, reserved 1114112K
  class space    used 161K, committed 192K, reserved 1048576K

Heap Regions: E=young(eden), S=young(survivor), O=old, HS=humongous(starts), HC=humongous(continues), CS=collection set, F=free, OA=open archive, CA=closed archive, TAMS=top-at-mark-start (previous, next)
|   0|0x00000000fc000000, 0x00000000fc000000, 0x00000000fc100000|  0%| F|  |TAMS 0x00000000fc000000, 0x00000000fc000000| Untracked 
|   1|0x00000000fc100000, 0x00000000fc100000, 0x00000000fc200000|  0%| F|  |TAMS 0x00000000fc100000, 0x00000000fc100000| Untracked 
|   2|0x00000000fc200000, 0x00000000fc200000, 0x00000000fc300000|  0%| F|  |TAMS 0x00000000fc200000, 0x00000000fc200000| Untracked 
|   3|0x00000000fc300000, 0x00000000fc300000, 0x00000000fc400000|  0%| F|  |TAMS 0x00000000fc300000, 0x00000000fc300000| Untracked 
|   4|0x00000000fc400000, 0x00000000fc400000, 0x00000000fc500000|  0%| F|  |TAMS 0x00000000fc400000, 0x00000000fc400000| Untracked 
|   5|0x00000000fc500000, 0x00000000fc500000, 0x00000000fc600000|  0%| F|  |TAMS 0x00000000fc500000, 0x00000000fc500000| Untracked 
|   6|0x00000000fc600000, 0x00000000fc600000, 0x00000000fc700000|  0%| F|  |TAMS 0x00000000fc600000, 0x00000000fc600000| Untracked 
|   7|0x00000000fc700000, 0x00000000fc700000, 0x00000000fc800000|  0%| F|  |TAMS 0x00000000fc700000, 0x00000000fc700000| Untracked 
|   8|0x00000000fc800000, 0x00000000fc800000, 0x00000000fc900000|  0%| F|  |TAMS 0x00000000fc800000, 0x00000000fc800000| Untracked 
|   9|0x00000000fc900000, 0x00000000fc900000, 0x00000000fca00000|  0%| F|  |TAMS 0x00000000fc900000, 0x00000000fc900000| Untracked 
|  10|0x00000000fca00000, 0x00000000fca00000, 0x00000000fcb00000|  0%| F|  |TAMS 0x00000000fca00000, 0x00000000fca00000| Untracked 
|  11|0x00000000fcb00000, 0x00000000fcb00000, 0x00000000fcc00000|  0%| F|  |TAMS 0x00000000fcb00000, 0x00000000fcb00000| Untracked 
|  12|0x00000000fcc00000, 0x00000000fcc00000, 0x00000000fcd00000|  0%| F|  |TAMS 0x00000000fcc00000, 0x00000000fcc00000| Untracked 
|  13|0x00000000fcd00000, 0x00000000fcd00000, 0x00000000fce00000|  0%| F|  |TAMS 0x00000000fcd00000, 0x00000000fcd00000| Untracked 
|  14|0x00000000fce00000, 0x00000000fce00000, 0x00000000fcf00000|  0%| F|  |TAMS 0x00000000fce00000, 0x00000000fce00000| Untracked 
|  15|0x00000000fcf00000, 0x00000000fcf00000, 0x00000000fd000000|  0%| F|  |TAMS 0x00000000fcf00000, 0x00000000fcf00000| Untracked 
|  16|0x00000000fd000000, 0x00000000fd000000, 0x00000000fd100000|  0%| F|  |TAMS 0x00000000fd000000, 0x00000000fd000000| Untracked 
|  17|0x00000000fd100000, 0x00000000fd100000, 0x00000000fd200000|  0%| F|  |TAMS 0x00000000fd100000, 0x00000000fd100000| Untracked 
|  18|0x00000000fd200000, 0x00000000fd200000, 0x00000000fd300000|  0%| F|  |TAMS 0x00000000fd200000, 0x00000000fd200000| Untracked 
|  19|0x00000000fd300000, 0x00000000fd300000, 0x00000000fd400000|  0%| F|  |TAMS 0x00000000fd300000, 0x00000000fd300000| Untracked 
|  20|0x00000000fd400000, 0x00000000fd400000, 0x00000000fd500000|  0%| F|  |TAMS 0x00000000fd400000, 0x00000000fd400000| Untracked 
|  21|0x00000000fd500000, 0x00000000fd500000, 0x00000000fd600000|  0%| F|  |TAMS 0x00000000fd500000, 0x00000000fd500000| Untracked 
|  22|0x00000000fd600000, 0x00000000fd600000, 0x00000000fd700000|  0%| F|  |TAMS 0x00000000fd600000, 0x00000000fd600000| Untracked 
|  23|0x00000000fd700000, 0x00000000fd700000, 0x00000000fd800000|  0%| F|  |TAMS 0x00000000fd700000, 0x00000000fd700000| Untracked 
|  24|0x00000000fd800000, 0x00000000fd800000, 0x00000000fd900000|  0%| F|  |TAMS 0x00000000fd800000, 0x00000000fd800000| Untracked 
|  25|0x00000000fd900000, 0x00000000fd900000, 0x00000000fda00000|  0%| F|  |TAMS 0x00000000fd900000, 0x00000000fd900000| Untracked 
|  26|0x00000000fda00000, 0x00000000fda00000, 0x00000000fdb00000|  0%| F|  |TAMS 0x00000000fda00000, 0x00000000fda00000| Untracked 
|  27|0x00000000fdb00000, 0x00000000fdb00000, 0x00000000fdc00000|  0%| F|  |TAMS 0x00000000fdb00000, 0x00000000fdb00000| Untracked 
|  28|0x00000000fdc00000, 0x00000000fdc00000, 0x00000000fdd00000|  0%| F|  |TAMS 0x00000000fdc00000, 0x00000000fdc00000| Untracked 
|  29|0x00000000fdd00000, 0x00000000fdd00000, 0x00000000fde00000|  0%| F|  |TAMS 0x00000000fdd00000, 0x00000000fdd00000| Untracked 
|  30|0x00000000fde00000, 0x00000000fde00000, 0x00000000fdf00000|  0%| F|  |TAMS 0x00000000fde00000, 0x00000000fde00000| Untracked 
|  31|0x00000000fdf00000, 0x00000000fdf00000, 0x00000000fe000000|  0%| F|  |TAMS 0x00000000fdf00000, 0x00000000fdf00000| Untracked 
|  32|0x00000000fe000000, 0x00000000fe000000, 0x00000000fe100000|  0%| F|  |TAMS 0x00000000fe000000, 0x00000000fe000000| Untracked 
|  33|0x00000000fe100000, 0x00000000fe100000, 0x00000000fe200000|  0%| F|  |TAMS 0x00000000fe100000, 0x00000000fe100000| Untracked 
|  34|0x00000000fe200000, 0x00000000fe200000, 0x00000000fe300000|  0%| F|  |TAMS 0x00000000fe200000, 0x00000000fe200000| Untracked 
|  35|0x00000000fe300000, 0x00000000fe300000, 0x00000000fe400000|  0%| F|  |TAMS 0x00000000fe300000, 0x00000000fe300000| Untracked 
|  36|0x00000000fe400000, 0x00000000fe400000, 0x00000000fe500000|  0%| F|  |TAMS 0x00000000fe400000, 0x00000000fe400000| Untracked 
|  37|0x00000000fe500000, 0x00000000fe500000, 0x00000000fe600000|  0%| F|  |TAMS 0x00000000fe500000, 0x00000000fe500000| Untracked 
|  38|0x00000000fe600000, 0x00000000fe600000, 0x00000000fe700000|  0%| F|  |TAMS 0x00000000fe600000, 0x00000000fe600000| Untracked 
|  39|0x00000000fe700000, 0x00000000fe700000, 0x00000000fe800000|  0%| F|  |TAMS 0x00000000fe700000, 0x00000000fe700000| Untracked 
|  40|0x00000000fe800000, 0x00000000fe800000, 0x00000000fe900000|  0%| F|  |TAMS 0x00000000fe800000, 0x00000000fe800000| Untracked 
|  41|0x00000000fe900000, 0x00000000fe900000, 0x00000000fea00000|  0%| F|  |TAMS 0x00000000fe900000, 0x00000000fe900000| Untracked 
|  42|0x00000000fea00000, 0x00000000fea00000, 0x00000000feb00000|  0%| F|  |TAMS 0x00000000fea00000, 0x00000000fea00000| Untracked 
|  43|0x00000000feb00000, 0x00000000feb00000, 0x00000000fec00000|  0%| F|  |TAMS 0x00000000feb00000, 0x00000000feb00000| Untracked 
|  44|0x00000000fec00000, 0x00000000fec00000, 0x00000000fed00000|  0%| F|  |TAMS 0x00000000fec00000, 0x00000000fec00000| Untracked 
|  45|0x00000000fed00000, 0x00000000fed00000, 0x00000000fee00000|  0%| F|  |TAMS 0x00000000fed00000, 0x00000000fed00000| Untracked 
|  46|0x00000000fee00000, 0x00000000fee00000, 0x00000000fef00000|  0%| F|  |TAMS 0x00000000fee00000, 0x00000000fee00000| Untracked 
|  47|0x00000000fef00000, 0x00000000fef00000, 0x00000000ff000000|  0%| F|  |TAMS 0x00000000fef00000, 0x00000000fef00000| Untracked 
|  48|0x00000000ff000000, 0x00000000ff000000, 0x00000000ff100000|  0%| F|  |TAMS 0x00000000ff000000, 0x00000000ff000000| Untracked 
|  49|0x00000000ff100000, 0x00000000ff100000, 0x00000000ff200000|  0%| F|  |TAMS 0x00000000ff100000, 0x00000000ff100000| Untracked 
|  50|0x00000000ff200000, 0x00000000ff200000, 0x00000000ff300000|  0%| F|  |TAMS 0x00000000ff200000, 0x00000000ff200000| Untracked 
|  51|0x00000000ff300000, 0x00000000ff300000, 0x00000000ff400000|  0%| F|  |TAMS 0x00000000ff300000, 0x00000000ff300000| Untracked 
|  52|0x00000000ff400000, 0x00000000ff400000, 0x00000000ff500000|  0%| F|  |TAMS 0x00000000ff400000, 0x00000000ff400000| Untracked 
|  53|0x00000000ff500000, 0x00000000ff500000, 0x00000000ff600000|  0%| F|  |TAMS 0x00000000ff500000, 0x00000000ff500000| Untracked 
|  54|0x00000000ff600000, 0x00000000ff6ed958, 0x00000000ff700000| 92%| E|  |TAMS 0x00000000ff600000, 0x00000000ff600000| Complete 
|  55|0x00000000ff700000, 0x00000000ff800000, 0x00000000ff800000|100%| E|CS|TAMS 0x00000000ff700000, 0x00000000ff700000| Complete 
|  56|0x00000000ff800000, 0x00000000ff900000, 0x00000000ff900000|100%| E|CS|TAMS 0x00000000ff800000, 0x00000000ff800000| Complete 
|  57|0x00000000ff900000, 0x00000000ffa00000, 0x00000000ffa00000|100%| E|CS|TAMS 0x00000000ff900000, 0x00000000ff900000| Complete 
|  58|0x00000000ffa00000, 0x00000000ffb00000, 0x00000000ffb00000|100%| E|CS|TAMS 0x00000000ffa00000, 0x00000000ffa00000| Complete 
|  59|0x00000000ffb00000, 0x00000000ffc00000, 0x00000000ffc00000|100%| E|CS|TAMS 0x00000000ffb00000, 0x00000000ffb00000| Complete 
|  60|0x00000000ffc00000, 0x00000000ffd00000, 0x00000000ffd00000|100%| E|CS|TAMS 0x00000000ffc00000, 0x00000000ffc00000| Complete 
|  61|0x00000000ffd00000, 0x00000000ffe00000, 0x00000000ffe00000|100%| E|CS|TAMS 0x00000000ffd00000, 0x00000000ffd00000| Complete 
|  62|0x00000000ffe00000, 0x00000000fff00000, 0x00000000fff00000|100%| E|CS|TAMS 0x00000000ffe00000, 0x00000000ffe00000| Complete 
|  63|0x00000000fff00000, 0x0000000100000000, 0x0000000100000000|100%| E|CS|TAMS 0x00000000fff00000, 0x00000000fff00000| Complete 

Card table byte_map: [0x000001cbfa1c0000,0x000001cbfa1e0000] _byte_map_base: 0x000001cbf99e0000

Marking Bits (Prev, Next): (CMBitMap*) 0x000001cbfa2b3890, (CMBitMap*) 0x000001cbfa2b38d0
 Prev Bits: [0x000001cbfa890000, 0x000001cbfa990000)
 Next Bits: [0x000001cbfa990000, 0x000001cbfaa90000)

Polling page: 0x000001cbf9a40000

Metaspace:

Usage:
  Non-class:      1.51 MB used.
      Class:    161.74 KB used.
       Both:      1.67 MB used.

Virtual space:
  Non-class space:       64.00 MB reserved,       1.62 MB (  3%) committed,  1 nodes.
      Class space:        1.00 GB reserved,     192.00 KB ( <1%) committed,  1 nodes.
             Both:        1.06 GB reserved,       1.81 MB ( <1%) committed. 

Chunk freelists:
   Non-Class:  11.67 MB
       Class:  15.69 MB
        Both:  27.37 MB

MaxMetaspaceSize: unlimited
CompressedClassSpaceSize: 1.00 GB
Initial GC threshold: 21.00 MB
Current GC threshold: 21.00 MB
CDS: on
MetaspaceReclaimPolicy: balanced
 - commit_granule_bytes: 65536.
 - commit_granule_words: 8192.
 - virtual_space_node_default_size: 8388608.
 - enlarge_chunks_in_place: 1.
 - new_chunks_are_fully_committed: 0.
 - uncommit_free_chunks: 1.
 - use_allocation_guard: 0.
 - handle_deallocations: 1.


Internal statistics:

num_allocs_failed_limit: 0.
num_arena_births: 12.
num_arena_deaths: 0.
num_vsnodes_births: 2.
num_vsnodes_deaths: 0.
num_space_committed: 29.
num_space_uncommitted: 0.
num_chunks_returned_to_freelist: 0.
num_chunks_taken_from_freelist: 44.
num_chunk_merges: 0.
num_chunk_splits: 22.
num_chunks_enlarged: 17.
num_inconsistent_stats: 0.

CodeHeap 'non-profiled nmethods': size=120000Kb used=125Kb max_used=125Kb free=119874Kb
 bounds [0x000001cb8f540000, 0x000001cb8f7b0000, 0x000001cb96a70000]
CodeHeap 'profiled nmethods': size=120000Kb used=710Kb max_used=710Kb free=119289Kb
 bounds [0x000001cb87a70000, 0x000001cb87ce0000, 0x000001cb8efa0000]
CodeHeap 'non-nmethods': size=5760Kb used=1118Kb max_used=1134Kb free=4641Kb
 bounds [0x000001cb8efa0000, 0x000001cb8f210000, 0x000001cb8f540000]
 total_blobs=847 nmethods=447 adapters=313
 compilation: enabled
              stopped_count=0, restarted_count=0
 full_count=0

Compilation events (20 events):
Event: 2.288 Thread 0x000001cb96c00c70 nmethod 420 0x000001cb87b15010 code [0x000001cb87b151c0, 0x000001cb87b15538]
Event: 2.288 Thread 0x000001cb96c00c70  421       3       jdk.internal.ref.CleanerFactory::cleaner (4 bytes)
Event: 2.288 Thread 0x000001cb96c00c70 nmethod 421 0x000001cb87b15690 code [0x000001cb87b15820, 0x000001cb87b15918]
Event: 2.295 Thread 0x000001cb96c00c70  422       3       java.util.zip.ZipUtils::CENSIZ (9 bytes)
Event: 2.295 Thread 0x000001cb96c00c70 nmethod 422 0x000001cb87b15990 code [0x000001cb87b15b40, 0x000001cb87b15e18]
Event: 2.295 Thread 0x000001cb96c00c70  423       3       java.lang.String::<init> (14 bytes)
Event: 2.295 Thread 0x000001cb96c00c70 nmethod 423 0x000001cb87b15f90 code [0x000001cb87b16140, 0x000001cb87b16358]
Event: 2.295 Thread 0x000001cb96c00c70  424       3       java.lang.Float::isNaN (12 bytes)
Event: 2.295 Thread 0x000001cb96c00c70 nmethod 424 0x000001cb87b16490 code [0x000001cb87b16620, 0x000001cb87b16798]
Event: 2.315 Thread 0x000001cb96c00c70  425       3       java.util.LinkedHashMap::afterNodeInsertion (40 bytes)
Event: 2.316 Thread 0x000001cb96c00c70 nmethod 425 0x000001cb87b16810 code [0x000001cb87b169a0, 0x000001cb87b16b98]
Event: 2.320 Thread 0x000001cb96c00c70  426   !   3       java.util.zip.ZipFile$Source::readFullyAt (74 bytes)
Event: 2.321 Thread 0x000001cb96c00c70 nmethod 426 0x000001cb87b16c90 code [0x000001cb87b16e80, 0x000001cb87b17448]
Event: 2.322 Thread 0x000001cb96c00c70  427       3       java.lang.StringLatin1::indexOf (121 bytes)
Event: 2.322 Thread 0x000001cb96c00c70 nmethod 427 0x000001cb87b17810 code [0x000001cb87b179e0, 0x000001cb87b17ed8]
Event: 2.326 Thread 0x000001cb96c00c70  428       3       java.util.ArrayList$Itr::next (66 bytes)
Event: 2.327 Thread 0x000001cb96c00c70 nmethod 428 0x000001cb87b18110 code [0x000001cb87b18300, 0x000001cb87b186c8]
Event: 2.327 Thread 0x000001cb96c00c70  429       3       java.util.ArrayList$Itr::checkForComodification (23 bytes)
Event: 2.327 Thread 0x000001cb96c00c70 nmethod 429 0x000001cb87b18890 code [0x000001cb87b18a40, 0x000001cb87b18c08]
Event: 2.331 Thread 0x000001cb96be02a0  430   !   4       java.util.zip.ZipFile$Source::checkAndAddEntry (262 bytes)

GC Heap History (0 events):
No events

Dll operation events (5 events):
Event: 0.316 Loaded shared library C:\Program Files\Microsoft\jdk-17.0.11.9-hotspot\bin\java.dll
Event: 0.682 Loaded shared library C:\Program Files\Microsoft\jdk-17.0.11.9-hotspot\bin\jsvml.dll
Event: 1.052 Loaded shared library C:\Program Files\Microsoft\jdk-17.0.11.9-hotspot\bin\net.dll
Event: 1.123 Loaded shared library C:\Program Files\Microsoft\jdk-17.0.11.9-hotspot\bin\nio.dll
Event: 1.172 Loaded shared library C:\Program Files\Microsoft\jdk-17.0.11.9-hotspot\bin\zip.dll

Deoptimization events (20 events):
Event: 1.565 Thread 0x000001cbfa290c00 DEOPT PACKING pc=0x000001cb87ac068c sp=0x00000042c7df9500
Event: 1.565 Thread 0x000001cbfa290c00 DEOPT UNPACKING pc=0x000001cb8eff7143 sp=0x00000042c7df8990 mode 0
Event: 1.566 Thread 0x000001cbfa290c00 DEOPT PACKING pc=0x000001cb87ac068c sp=0x00000042c7df9500
Event: 1.566 Thread 0x000001cbfa290c00 DEOPT UNPACKING pc=0x000001cb8eff7143 sp=0x00000042c7df8990 mode 0
Event: 1.584 Thread 0x000001cbfa290c00 DEOPT PACKING pc=0x000001cb87a89b67 sp=0x00000042c7dfa110
Event: 1.584 Thread 0x000001cbfa290c00 DEOPT UNPACKING pc=0x000001cb8eff7143 sp=0x00000042c7df9530 mode 0
Event: 1.979 Thread 0x000001cbfa290c00 DEOPT PACKING pc=0x000001cb87aa19fe sp=0x00000042c7dfd430
Event: 1.979 Thread 0x000001cbfa290c00 DEOPT UNPACKING pc=0x000001cb8eff7143 sp=0x00000042c7dfc8a0 mode 0
Event: 1.979 Thread 0x000001cbfa290c00 DEOPT PACKING pc=0x000001cb87aa19fe sp=0x00000042c7dfd430
Event: 1.979 Thread 0x000001cbfa290c00 DEOPT UNPACKING pc=0x000001cb8eff7143 sp=0x00000042c7dfc8a0 mode 0
Event: 1.997 Thread 0x000001cbfa290c00 DEOPT PACKING pc=0x000001cb87ad1fbe sp=0x00000042c7dfd190
Event: 1.997 Thread 0x000001cbfa290c00 DEOPT UNPACKING pc=0x000001cb8eff7143 sp=0x00000042c7dfc608 mode 0
Event: 1.997 Thread 0x000001cbfa290c00 DEOPT PACKING pc=0x000001cb87ad1fbe sp=0x00000042c7dfd190
Event: 1.997 Thread 0x000001cbfa290c00 DEOPT UNPACKING pc=0x000001cb8eff7143 sp=0x00000042c7dfc608 mode 0
Event: 2.128 Thread 0x000001cbfa290c00 DEOPT PACKING pc=0x000001cb87ac85f2 sp=0x00000042c7dfd220
Event: 2.128 Thread 0x000001cbfa290c00 DEOPT UNPACKING pc=0x000001cb8eff7143 sp=0x00000042c7dfc6e0 mode 0
Event: 2.289 Thread 0x000001cbfa290c00 Uncommon trap: trap_request=0xffffff45 fr.pc=0x000001cb8f559690 relative=0x0000000000000090
Event: 2.289 Thread 0x000001cbfa290c00 Uncommon trap: reason=unstable_if action=reinterpret pc=0x000001cb8f559690 method=java.util.regex.Pattern.append(II)V @ 9 c2
Event: 2.289 Thread 0x000001cbfa290c00 DEOPT PACKING pc=0x000001cb8f559690 sp=0x00000042c7dfd130
Event: 2.289 Thread 0x000001cbfa290c00 DEOPT UNPACKING pc=0x000001cb8eff69a3 sp=0x00000042c7dfd0c0 mode 2

Classes unloaded (0 events):
No events

Classes redefined (0 events):
No events

Internal exceptions (1 events):
Event: 1.611 Thread 0x000001cbfa290c00 Exception <a 'java/lang/NoSuchMethodError'{0x00000000ffc78df8}: 'int java.lang.invoke.DirectMethodHandle$Holder.invokeStaticInit(java.lang.Object, java.lang.Object)'> (0x00000000ffc78df8) 
thrown [s\src\hotspot\share\interpreter\linkResolver.cpp, line 759]

VM Operations (4 events):
Event: 1.176 Executing VM operation: HandshakeAllThreads
Event: 1.176 Executing VM operation: HandshakeAllThreads done
Event: 2.183 Executing VM operation: Cleanup
Event: 2.184 Executing VM operation: Cleanup done

Events (20 events):
Event: 1.471 loading class java/io/FilePermission$1
Event: 1.471 loading class jdk/internal/access/JavaIOFilePermissionAccess
Event: 1.471 loading class jdk/internal/access/JavaIOFilePermissionAccess done
Event: 1.471 loading class java/io/FilePermission$1 done
Event: 1.472 loading class java/io/FilePermissionCollection
Event: 1.511 loading class java/io/FilePermissionCollection done
Event: 1.511 loading class java/util/Vector
Event: 1.513 loading class java/util/Vector done
Event: 1.513 loading class java/io/FilePermissionCollection$1
Event: 1.514 loading class java/io/FilePermissionCollection$1 done
Event: 1.518 loading class sun/security/util/ManifestEntryVerifier
Event: 1.519 loading class sun/security/util/ManifestEntryVerifier done
Event: 1.630 loading class java/net/MalformedURLException
Event: 1.631 loading class java/net/MalformedURLException done
Event: 1.635 loading class java/io/FileFilter
Event: 1.635 loading class java/io/FileFilter done
Event: 1.939 loading class java/util/AbstractList$Itr
Event: 1.939 loading class java/util/AbstractList$Itr done
Event: 1.975 loading class java/lang/invoke/DirectMethodHandle$Special
Event: 1.976 loading class java/lang/invoke/DirectMethodHandle$Special done


Dynamic libraries:
0x00007ff681240000 - 0x00007ff68124e000 	C:\Program Files\Microsoft\jdk-17.0.11.9-hotspot\bin\java.exe
0x00007ffd0bb50000 - 0x00007ffd0bd67000 	C:\windows\SYSTEM32\ntdll.dll
0x00007ffd0aee0000 - 0x00007ffd0afa4000 	C:\windows\System32\KERNEL32.DLL
0x00007ffd09040000 - 0x00007ffd093f7000 	C:\windows\System32\KERNELBASE.dll
0x00007ffd09430000 - 0x00007ffd09541000 	C:\windows\System32\ucrtbase.dll
0x00007ffcf82c0000 - 0x00007ffcf82db000 	C:\Program Files\Microsoft\jdk-17.0.11.9-hotspot\bin\VCRUNTIME140.dll
0x00007ffcebc10000 - 0x00007ffcebc27000 	C:\Program Files\Microsoft\jdk-17.0.11.9-hotspot\bin\jli.dll
0x00007ffd0a690000 - 0x00007ffd0a83f000 	C:\windows\System32\USER32.dll
0x00007ffd09730000 - 0x00007ffd09756000 	C:\windows\System32\win32u.dll
0x00007ffcebdb0000 - 0x00007ffcec043000 	C:\windows\WinSxS\amd64_microsoft.windows.common-controls_6595b64144ccf1df_6.0.22621.3672_none_2713b9d173822955\COMCTL32.dll
0x00007ffd0afb0000 - 0x00007ffd0afd9000 	C:\windows\System32\GDI32.dll
0x00007ffd09610000 - 0x00007ffd09728000 	C:\windows\System32\gdi32full.dll
0x00007ffd09760000 - 0x00007ffd097fa000 	C:\windows\System32\msvcp_win.dll
0x00007ffd0ba00000 - 0x00007ffd0baa7000 	C:\windows\System32\msvcrt.dll
0x00007ffd09890000 - 0x00007ffd098c1000 	C:\windows\System32\IMM32.DLL
0x00007ffd01dd0000 - 0x00007ffd01ddc000 	C:\Program Files\Microsoft\jdk-17.0.11.9-hotspot\bin\vcruntime140_1.dll
0x00007ffccb3b0000 - 0x00007ffccb43d000 	C:\Program Files\Microsoft\jdk-17.0.11.9-hotspot\bin\msvcp140.dll
0x00007ffc7b870000 - 0x00007ffc7c4d6000 	C:\Program Files\Microsoft\jdk-17.0.11.9-hotspot\bin\server\jvm.dll
0x00007ffd0b8f0000 - 0x00007ffd0b9a2000 	C:\windows\System32\ADVAPI32.dll
0x00007ffd0b070000 - 0x00007ffd0b118000 	C:\windows\System32\sechost.dll
0x00007ffd09400000 - 0x00007ffd09428000 	C:\windows\System32\bcrypt.dll
0x00007ffd0a840000 - 0x00007ffd0a954000 	C:\windows\System32\RPCRT4.dll
0x00007ffcd8d60000 - 0x00007ffcd8d69000 	C:\windows\SYSTEM32\WSOCK32.dll
0x00007ffd0b520000 - 0x00007ffd0b591000 	C:\windows\System32\WS2_32.dll
0x00007ffcff060000 - 0x00007ffcff094000 	C:\windows\SYSTEM32\WINMM.dll
0x00007ffd08c80000 - 0x00007ffd08ccd000 	C:\windows\SYSTEM32\POWRPROF.dll
0x00007ffcfaaa0000 - 0x00007ffcfaaaa000 	C:\windows\SYSTEM32\VERSION.dll
0x00007ffd08b60000 - 0x00007ffd08b73000 	C:\windows\SYSTEM32\UMPDC.dll
0x00007ffd07e20000 - 0x00007ffd07e38000 	C:\windows\SYSTEM32\kernel.appcore.dll
0x00007ffcfb4e0000 - 0x00007ffcfb4ea000 	C:\Program Files\Microsoft\jdk-17.0.11.9-hotspot\bin\jimage.dll
0x00007ffd06740000 - 0x00007ffd06972000 	C:\windows\SYSTEM32\DBGHELP.DLL
0x00007ffd0a140000 - 0x00007ffd0a4ce000 	C:\windows\System32\combase.dll
0x00007ffd0b3b0000 - 0x00007ffd0b487000 	C:\windows\System32\OLEAUT32.dll
0x00007ffce2530000 - 0x00007ffce2562000 	C:\windows\SYSTEM32\dbgcore.DLL
0x00007ffd09800000 - 0x00007ffd0987b000 	C:\windows\System32\bcryptPrimitives.dll
0x00007ffceb9b0000 - 0x00007ffceb9d5000 	C:\Program Files\Microsoft\jdk-17.0.11.9-hotspot\bin\java.dll
0x00007ffcb7af0000 - 0x00007ffcb7bc7000 	C:\Program Files\Microsoft\jdk-17.0.11.9-hotspot\bin\jsvml.dll
0x00007ffd098d0000 - 0x00007ffd0a139000 	C:\windows\System32\SHELL32.dll
0x00007ffd06d80000 - 0x00007ffd0767f000 	C:\windows\SYSTEM32\windows.storage.dll
0x00007ffd06c40000 - 0x00007ffd06d7f000 	C:\windows\SYSTEM32\wintypes.dll
0x00007ffd0b5a0000 - 0x00007ffd0b699000 	C:\windows\System32\SHCORE.dll
0x00007ffd0bab0000 - 0x00007ffd0bb0e000 	C:\windows\System32\shlwapi.dll
0x00007ffd08d90000 - 0x00007ffd08db7000 	C:\windows\SYSTEM32\profapi.dll
0x00007ffceb970000 - 0x00007ffceb989000 	C:\Program Files\Microsoft\jdk-17.0.11.9-hotspot\bin\net.dll
0x00007ffd04920000 - 0x00007ffd04a56000 	C:\windows\SYSTEM32\WINHTTP.dll
0x00007ffd082f0000 - 0x00007ffd08359000 	C:\windows\system32\mswsock.dll
0x00007ffceb920000 - 0x00007ffceb936000 	C:\Program Files\Microsoft\jdk-17.0.11.9-hotspot\bin\nio.dll
0x00007ffceab20000 - 0x00007ffceab38000 	C:\Program Files\Microsoft\jdk-17.0.11.9-hotspot\bin\zip.dll

dbghelp: loaded successfully - version: 4.0.5 - missing functions: none
symbol engine: initialized successfully - sym options: 0x614 - pdb path: .;C:\Program Files\Microsoft\jdk-17.0.11.9-hotspot\bin;C:\windows\SYSTEM32;C:\windows\WinSxS\amd64_microsoft.windows.common-controls_6595b64144ccf1df_6.0.22621.3672_none_2713b9d173822955;C:\Program Files\Microsoft\jdk-17.0.11.9-hotspot\bin\server

VM Arguments:
jvm_args: -Xmx64m -Xms64m -Dorg.gradle.appname=gradlew 
java_command: org.gradle.wrapper.GradleWrapperMain app:installDebug -PreactNativeDevServerPort=8081
java_class_path (initial): C:\sidd\React Native\ReactNativeSimpleForm\project1sampleform\android\\gradle\wrapper\gradle-wrapper.jar
Launcher Type: SUN_STANDARD

[Global flags]
     intx CICompilerCount                          = 4                                         {product} {ergonomic}
     uint ConcGCThreads                            = 3                                         {product} {ergonomic}
     uint G1ConcRefinementThreads                  = 10                                        {product} {ergonomic}
   size_t G1HeapRegionSize                         = 1048576                                   {product} {ergonomic}
    uintx GCDrainStackTargetSize                   = 64                                        {product} {ergonomic}
   size_t InitialHeapSize                          = 67108864                                  {product} {command line}
   size_t MarkStackSize                            = 4194304                                   {product} {ergonomic}
   size_t MaxHeapSize                              = 67108864                                  {product} {command line}
   size_t MaxNewSize                               = 39845888                                  {product} {ergonomic}
   size_t MinHeapDeltaBytes                        = 1048576                                   {product} {ergonomic}
   size_t MinHeapSize                              = 67108864                                  {product} {command line}
    uintx NonNMethodCodeHeapSize                   = 5839372                                {pd product} {ergonomic}
    uintx NonProfiledCodeHeapSize                  = 122909434                              {pd product} {ergonomic}
    uintx ProfiledCodeHeapSize                     = 122909434                              {pd product} {ergonomic}
    uintx ReservedCodeCacheSize                    = 251658240                              {pd product} {ergonomic}
     bool SegmentedCodeCache                       = true                                      {product} {ergonomic}
   size_t SoftMaxHeapSize                          = 67108864                               {manageable} {ergonomic}
     bool UseCompressedClassPointers               = true                           {product lp64_product} {ergonomic}
     bool UseCompressedOops                        = true                           {product lp64_product} {ergonomic}
     bool UseG1GC                                  = true                                      {product} {ergonomic}
     bool UseLargePagesIndividualAllocation        = false                                  {pd product} {ergonomic}

Logging:
Log output configuration:
 #0: stdout all=warning uptime,level,tags
 #1: stderr all=off uptime,level,tags

Environment Variables:
JAVA_HOME=C:\Program Files\Microsoft\jdk-17.0.11.9-hotspot
CLASSPATH=C:\sidd\React Native\ReactNativeSimpleForm\project1sampleform\android\\gradle\wrapper\gradle-wrapper.jar
PATH=C:\sidd\React Native\ReactNativeSimpleForm\project1sampleform\node_modules\.bin;C:\sidd\React Native\ReactNativeSimpleForm\project1sampleform\node_modules\.bin;C:\sidd\React Native\ReactNativeSimpleForm\node_modules\.bin;C:\sidd\React Native\node_modules\.bin;C:\sidd\node_modules\.bin;C:\node_modules\.bin;C:\Users\hp\AppData\Roaming\npm\node_modules\npm\node_modules\@npmcli\run-script\lib\node-gyp-bin;C:\Program Files\Microsoft\jdk-17.0.11.9-hotspot\bin;C:\Program Files\OpenLogic\jdk-17.0.11.9-hotspot\bin;C:\Program Files\OpenLogic\jdk-11.0.23.9-hotspot\bin;C:\Program Files\Common Files\Oracle\Java\javapath;C:\windows\system32;C:\windows;C:\windows\System32\Wbem;C:\windows\System32\WindowsPowerShell\v1.0\;C:\windows\System32\OpenSSH\;C:\MinGW\bin;C:\Program Files\Microsoft SQL Server\Client SDK\ODBC\110\Tools\Binn\;C:\Program Files (x86)\Microsoft SQL Server\120\Tools\Binn\;C:\Program Files\Microsoft SQL Server\120\Tools\Binn\;C:\Program Files\Microsoft SQL Server\120\DTS\Binn\;C:\Program Files (x86)\Windows Kits\8.1\Windows Performance Toolkit\;C:\Program Files\MySQL\MySQL Server 8.0\bin;C:\Program Files\GitHub CLI\;C:\sqllite3;C:\Program Files\nodejs\;C:\Users\hp\AppData\Local\Android\Sdk;C:\Users\hp\AppData\Local\Android\Sdk\platform-tools;C:\ProgramData\chocolatey\bin;C:\Program Files\Git\cmd;C:\Program Files\GTK3-Runtime Win64\bin;C:\Users\hp\AppData\Local\Programs\Python\Python312\Scripts\;C:\Users\hp\AppData\Local\Programs\Python\Python312\;C:\Program Files\MySQL\MySQL Shell 8.0\bin\;C:\Users\hp\AppData\Local\Microsoft\WindowsApps;C:\Users\hp\AppData\Local\Programs\Microsoft VS Code\bin;C:\Users\hp\AppData\Roaming\npm;C:\Users\hp\AppData\Local\Android\Sdk;C:\Users\hp\AppData\Local\Android\Sdk\platform-tools;C:\Users\hp\AppData\Local\Android\Sdk\emulator;C:\Users\hp\AppData\Local\Android\Sdk\cmdline-tools\latest\bin;C:\Users\hp\AppData\Local\Android\Sdk\cmdline-tools\latest;C:\Users\hp\AppData\Local\GitHubDesktop\bin
USERNAME=siddharth
LANG=en_US.UTF-8
OS=Windows_NT
PROCESSOR_IDENTIFIER=Intel64 Family 6 Model 154 Stepping 4, GenuineIntel
TMP=C:\Users\hp\AppData\Local\Temp
TEMP=C:\Users\hp\AppData\Local\Temp



Periodic native trim disabled


---------------  S Y S T E M  ---------------

OS:
 Windows 11 , 64 bit Build 22621 (10.0.22621.3958)
OS uptime: 4 days 0:52 hours
Hyper-V role detected

CPU: total 12 (initial active 12) (6 cores per cpu, 2 threads per core) family 6 model 154 stepping 4 microcode 0x42c, cx8, cmov, fxsr, ht, mmx, 3dnowpref, sse, sse2, sse3, ssse3, sse4.1, sse4.2, popcnt, lzcnt, tsc, tscinvbit, avx, avx2, aes, erms, clmul, bmi1, bmi2, adx, sha, fma, vzeroupper, clflush, clflushopt, clwb, hv
Processor Information for processor 0
  Max Mhz: 1300, Current Mhz: 1300, Mhz Limit: 1300
Processor Information for processor 1
  Max Mhz: 1300, Current Mhz: 1300, Mhz Limit: 1300
Processor Information for processor 2
  Max Mhz: 1300, Current Mhz: 1300, Mhz Limit: 1300
Processor Information for processor 3
  Max Mhz: 1300, Current Mhz: 1300, Mhz Limit: 1300
Processor Information for processor 4
  Max Mhz: 1300, Current Mhz: 900, Mhz Limit: 897
Processor Information for processor 5
  Max Mhz: 1300, Current Mhz: 900, Mhz Limit: 897
Processor Information for processor 6
  Max Mhz: 1300, Current Mhz: 900, Mhz Limit: 897
Processor Information for processor 7
  Max Mhz: 1300, Current Mhz: 900, Mhz Limit: 897
Processor Information for processor 8
  Max Mhz: 1300, Current Mhz: 900, Mhz Limit: 897
Processor Information for processor 9
  Max Mhz: 1300, Current Mhz: 900, Mhz Limit: 897
Processor Information for processor 10
  Max Mhz: 1300, Current Mhz: 900, Mhz Limit: 897
Processor Information for processor 11
  Max Mhz: 1300, Current Mhz: 900, Mhz Limit: 897

Memory: 4k page, system-wide physical 3767M (13M free)
TotalPageFile size 15543M (AvailPageFile size 0M)
current process WorkingSet (physical memory assigned to process): 30M, peak: 36M
current process commit charge ("private bytes"): 150M, peak: 150M

vm_info: OpenJDK 64-Bit Server VM (17.0.11+9-LTS) for windows-amd64 JRE (17.0.11+9-LTS), built on Apr  9 2024 22:05:54 by "MicrosoftCorporation" with MS VC++ 16.10 / 16.11 (VS2019)

END.
